# JRE version: Java(TM) SE Runtime Environment (8.0_77-b03) (build 1.8.0_77-b03)
# Java VM: Java HotSpot(TM) Client VM (25.77-b03 mixed mode windows-x86 )
Heap:
 def new generation   total 4928K, used 3135K [0x04400000, 0x04950000, 0x09950000)
  eden space 4416K,  70% used [0x04400000, 0x0470fa88, 0x04850000)
  from space 512K,   0% used [0x048d0000, 0x048d0340, 0x04950000)
  to   space 512K,   0% used [0x04850000, 0x04850000, 0x048d0000)
 tenured generation   total 10944K, used 726K [0x09950000, 0x0a400000, 0x14400000)
   the space 10944K,   6% used [0x09950000, 0x09a05960, 0x09a05a00, 0x0a400000)
 Metaspace       used 2716K, capacity 2856K, committed 2880K, reserved 4480K
GC Heap History (10 events):
Event: 76.054 GC heap before
{Heap before GC invocations=4 (full 0):
 def new generation   total 4928K, used 4416K [0x04400000, 0x04950000, 0x09950000)
  eden space 4416K, 100% used [0x04400000, 0x04850000, 0x04850000)
  from space 512K,   0% used [0x04850000, 0x048502a0, 0x048d0000)
  to   space 512K,   0% used [0x048d0000, 0x048d0000, 0x04950000)
 tenured generation   total 10944K, used 726K [0x09950000, 0x0a400000, 0x14400000)
   the space 10944K,   6% used [0x09950000, 0x09a05960, 0x09a05a00, 0x0a400000)
 Metaspace       used 2695K, capacity 2856K, committed 2880K, reserved 4480K
Event: 76.055 GC heap after
Heap after GC invocations=5 (full 0):
 def new generation   total 4928K, used 1K [0x04400000, 0x04950000, 0x09950000)
  eden space 4416K,   0% used [0x04400000, 0x04400000, 0x04850000)
  from space 512K,   0% used [0x048d0000, 0x048d04a0, 0x04950000)
  to   space 512K,   0% used [0x04850000, 0x04850000, 0x048d0000)
 tenured generation   total 10944K, used 726K [0x09950000, 0x0a400000, 0x14400000)
   the space 10944K,   6% used [0x09950000, 0x09a05960, 0x09a05a00, 0x0a400000)
 Metaspace       used 2695K, capacity 2856K, committed 2880K, reserved 4480K
}
Event: 79.099 GC heap before
{Heap before GC invocations=5 (full 0):
 def new generation   total 4928K, used 4417K [0x04400000, 0x04950000, 0x09950000)
  eden space 4416K, 100% used [0x04400000, 0x04850000, 0x04850000)
  from space 512K,   0% used [0x048d0000, 0x048d04a0, 0x04950000)
  to   space 512K,   0% used [0x04850000, 0x04850000, 0x048d0000)
 tenured generation   total 10944K, used 726K [0x09950000, 0x0a400000, 0x14400000)
   the space 10944K,   6% used [0x09950000, 0x09a05960, 0x09a05a00, 0x0a400000)
 Metaspace       used 2695K, capacity 2856K, committed 2880K, reserved 4480K
Event: 79.100 GC heap after
Heap after GC invocations=6 (full 0):
 def new generation   total 4928K, used 0K [0x04400000, 0x04950000, 0x09950000)
  eden space 4416K,   0% used [0x04400000, 0x04400000, 0x04850000)
  from space 512K,   0% used [0x04850000, 0x04850340, 0x048d0000)
  to   space 512K,   0% used [0x048d0000, 0x048d0000, 0x04950000)
 tenured generation   total 10944K, used 726K [0x09950000, 0x0a400000, 0x14400000)
   the space 10944K,   6% used [0x09950000, 0x09a05960, 0x09a05a00, 0x0a400000)
 Metaspace       used 2695K, capacity 2856K, committed 2880K, reserved 4480K
}
Event: 80.014 GC heap before
{Heap before GC invocations=6 (full 0):
 def new generation   total 4928K, used 4416K [0x04400000, 0x04950000, 0x09950000)
  eden space 4416K, 100% used [0x04400000, 0x04850000, 0x04850000)
  from space 512K,   0% used [0x04850000, 0x04850340, 0x048d0000)
  to   space 512K,   0% used [0x048d0000, 0x048d0000, 0x04950000)
 tenured generation   total 10944K, used 726K [0x09950000, 0x0a400000, 0x14400000)
   the space 10944K,   6% used [0x09950000, 0x09a05960, 0x09a05a00, 0x0a400000)
 Metaspace       used 2695K, capacity 2856K, committed 2880K, reserved 4480K
Event: 80.014 GC heap after
Heap after GC invocations=7 (full 0):
 def new generation   total 4928K, used 0K [0x04400000, 0x04950000, 0x09950000)
  eden space 4416K,   0% used [0x04400000, 0x04400000, 0x04850000)
  from space 512K,   0% used [0x048d0000, 0x048d0340, 0x04950000)
  to   space 512K,   0% used [0x04850000, 0x04850000, 0x048d0000)
 tenured generation   total 10944K, used 726K [0x09950000, 0x0a400000, 0x14400000)
   the space 10944K,   6% used [0x09950000, 0x09a05960, 0x09a05a00, 0x0a400000)
 Metaspace       used 2695K, capacity 2856K, committed 2880K, reserved 4480K
}
Event: 85.757 GC heap before
{Heap before GC invocations=7 (full 0):
 def new generation   total 4928K, used 4416K [0x04400000, 0x04950000, 0x09950000)
  eden space 4416K, 100% used [0x04400000, 0x04850000, 0x04850000)
  from space 512K,   0% used [0x048d0000, 0x048d0340, 0x04950000)
  to   space 512K,   0% used [0x04850000, 0x04850000, 0x048d0000)
 tenured generation   total 10944K, used 726K [0x09950000, 0x0a400000, 0x14400000)
   the space 10944K,   6% used [0x09950000, 0x09a05960, 0x09a05a00, 0x0a400000)
 Metaspace       used 2695K, capacity 2856K, committed 2880K, reserved 4480K
Event: 85.757 GC heap after
Heap after GC invocations=8 (full 0):
 def new generation   total 4928K, used 1K [0x04400000, 0x04950000, 0x09950000)
  eden space 4416K,   0% used [0x04400000, 0x04400000, 0x04850000)
  from space 512K,   0% used [0x04850000, 0x048506d8, 0x048d0000)
  to   space 512K,   0% used [0x048d0000, 0x048d0000, 0x04950000)
 tenured generation   total 10944K, used 726K [0x09950000, 0x0a400000, 0x14400000)
   the space 10944K,   6% used [0x09950000, 0x09a05960, 0x09a05a00, 0x0a400000)
 Metaspace       used 2695K, capacity 2856K, committed 2880K, reserved 4480K
}
Event: 106.132 GC heap before
{Heap before GC invocations=8 (full 0):
 def new generation   total 4928K, used 4417K [0x04400000, 0x04950000, 0x09950000)
  eden space 4416K, 100% used [0x04400000, 0x04850000, 0x04850000)
  from space 512K,   0% used [0x04850000, 0x048506d8, 0x048d0000)
  to   space 512K,   0% used [0x048d0000, 0x048d0000, 0x04950000)
 tenured generation   total 10944K, used 726K [0x09950000, 0x0a400000, 0x14400000)
   the space 10944K,   6% used [0x09950000, 0x09a05960, 0x09a05a00, 0x0a400000)
 Metaspace       used 2695K, capacity 2856K, committed 2880K, reserved 4480K
Event: 106.132 GC heap after
Heap after GC invocations=9 (full 0):
 def new generation   total 4928K, used 0K [0x04400000, 0x04950000, 0x09950000)
  eden space 4416K,   0% used [0x04400000, 0x04400000, 0x04850000)
  from space 512K,   0% used [0x048d0000, 0x048d0340, 0x04950000)
  to   space 512K,   0% used [0x04850000, 0x04850000, 0x048d0000)
 tenured generation   total 10944K, used 726K [0x09950000, 0x0a400000, 0x14400000)
   the space 10944K,   6% used [0x09950000, 0x09a05960, 0x09a05a00, 0x0a400000)
 Metaspace       used 2695K, capacity 2856K, committed 2880K, reserved 4480K
}

